<?xml version="1.0" encoding="UTF-8"?>
<testsuite name="com.amaris.EmployeeInformation.model.EmployeeUseCaseTest" tests="1" skipped="0" failures="0" errors="0" timestamp="2023-07-26T01:31:21" hostname="DAYANACI512H" time="0.891">
  <properties/>
  <testcase name="getEmployeesInformationWhenIdIsNull()" classname="com.amaris.EmployeeInformation.model.EmployeeUseCaseTest" time="0.891"/>
  <system-out><![CDATA[]]></system-out>
  <system-err><![CDATA[]]></system-err>
</testsuite>
